[35m[1mScanning dependencies of target dynamic_reconfigure_generate_messages_eus[0m
[35m[1mScanning dependencies of target cartesian_control_msgs_generate_messages_lisp[0m
[35m[1mScanning dependencies of target cartesian_control_msgs_generate_messages_nodejs[0m
[  0%] Built target cartesian_control_msgs_generate_messages_lisp
[  0%] Built target dynamic_reconfigure_generate_messages_eus
[  0%] Built target cartesian_control_msgs_generate_messages_nodejs
[35m[1mScanning dependencies of target cartesian_control_msgs_generate_messages_cpp[0m
[35m[1mScanning dependencies of target cartesian_control_msgs_generate_messages_eus[0m
[  0%] Built target cartesian_control_msgs_generate_messages_eus
[35m[1mScanning dependencies of target ur_msgs_generate_messages_nodejs[0m
[  0%] Built target cartesian_control_msgs_generate_messages_cpp
[35m[1mScanning dependencies of target ur_msgs_generate_messages_lisp[0m
[35m[1mScanning dependencies of target ur_msgs_generate_messages_eus[0m
[  0%] Built target ur_msgs_generate_messages_nodejs
[  0%] Built target ur_msgs_generate_messages_lisp
[  0%] Built target ur_msgs_generate_messages_eus
[35m[1mScanning dependencies of target ur_msgs_generate_messages_cpp[0m
[35m[1mScanning dependencies of target ur_dashboard_msgs_generate_messages_py[0m
[35m[1mScanning dependencies of target ur_dashboard_msgs_generate_messages_eus[0m
[  0%] Built target ur_dashboard_msgs_generate_messages_py
[  0%] Built target ur_msgs_generate_messages_cpp
[  0%] Built target ur_dashboard_msgs_generate_messages_eus
[35m[1mScanning dependencies of target tf2_msgs_generate_messages_nodejs[0m
[35m[1mScanning dependencies of target tf_generate_messages_nodejs[0m
[35m[1mScanning dependencies of target tf2_msgs_generate_messages_lisp[0m
[  0%] Built target tf2_msgs_generate_messages_nodejs
[  0%] Built target tf_generate_messages_nodejs
[35m[1mScanning dependencies of target tf_generate_messages_lisp[0m
[  0%] Built target tf2_msgs_generate_messages_lisp
[35m[1mScanning dependencies of target std_srvs_generate_messages_lisp[0m
[35m[1mScanning dependencies of target std_srvs_generate_messages_nodejs[0m
[  0%] Built target tf_generate_messages_lisp
[  0%] Built target std_srvs_generate_messages_lisp
[  0%] Built target std_srvs_generate_messages_nodejs
[35m[1mScanning dependencies of target std_srvs_generate_messages_eus[0m
[35m[1mScanning dependencies of target tf2_msgs_generate_messages_eus[0m
[  0%] Built target std_srvs_generate_messages_eus
[35m[1mScanning dependencies of target sensor_msgs_generate_messages_py[0m
[  0%] Built target sensor_msgs_generate_messages_py
[  0%] Built target tf2_msgs_generate_messages_eus
[35m[1mScanning dependencies of target sensor_msgs_generate_messages_nodejs[0m
[35m[1mScanning dependencies of target sensor_msgs_generate_messages_cpp[0m
[35m[1mScanning dependencies of target dynamic_reconfigure_gencfg[0m
[  0%] Built target sensor_msgs_generate_messages_nodejs
[  0%] Built target dynamic_reconfigure_gencfg
[  0%] Built target sensor_msgs_generate_messages_cpp
[35m[1mScanning dependencies of target tf2_msgs_generate_messages_py[0m
[35m[1mScanning dependencies of target tf2_msgs_generate_messages_cpp[0m
[35m[1mScanning dependencies of target dynamic_reconfigure_generate_messages_nodejs[0m
[  0%] Built target tf2_msgs_generate_messages_py
[  0%] Built target dynamic_reconfigure_generate_messages_nodejs
[  0%] Built target tf2_msgs_generate_messages_cpp
[35m[1mScanning dependencies of target roscpp_generate_messages_eus[0m
[35m[1mScanning dependencies of target dynamic_reconfigure_generate_messages_lisp[0m
[35m[1mScanning dependencies of target roscpp_generate_messages_cpp[0m
[  0%] Built target roscpp_generate_messages_eus
[  0%] Built target roscpp_generate_messages_cpp
[  0%] Built target dynamic_reconfigure_generate_messages_lisp
[35m[1mScanning dependencies of target control_toolbox_gencfg[0m
[35m[1mScanning dependencies of target std_msgs_generate_messages_nodejs[0m
[  0%] Built target control_toolbox_gencfg
[  0%] Built target std_msgs_generate_messages_nodejs
[35m[1mScanning dependencies of target geometry_msgs_generate_messages_eus[0m
[35m[1mScanning dependencies of target std_msgs_generate_messages_py[0m
[35m[1mScanning dependencies of target controller_manager_msgs_generate_messages_nodejs[0m
[  0%] Built target std_msgs_generate_messages_py
[  0%] Built target geometry_msgs_generate_messages_eus
[  0%] Built target controller_manager_msgs_generate_messages_nodejs
[35m[1mScanning dependencies of target roscpp_generate_messages_nodejs[0m
[35m[1mScanning dependencies of target std_msgs_generate_messages_cpp[0m
[  0%] Built target roscpp_generate_messages_nodejs
[35m[1mScanning dependencies of target actionlib_msgs_generate_messages_py[0m
[  0%] Built target std_msgs_generate_messages_cpp
[  0%] Built target actionlib_msgs_generate_messages_py
[35m[1mScanning dependencies of target ur_dashboard_msgs_generate_messages_nodejs[0m
[35m[1mScanning dependencies of target actionlib_generate_messages_cpp[0m
[35m[1mScanning dependencies of target rosgraph_msgs_generate_messages_nodejs[0m
[  0%] Built target ur_dashboard_msgs_generate_messages_nodejs
[  0%] Built target rosgraph_msgs_generate_messages_nodejs
[35m[1mScanning dependencies of target tf_generate_messages_eus[0m
[  0%] Built target tf_generate_messages_eus
[35m[1mScanning dependencies of target rosgraph_msgs_generate_messages_lisp[0m
[  0%] Built target actionlib_generate_messages_cpp
[35m[1mScanning dependencies of target actionlib_generate_messages_py[0m
[  0%] Built target rosgraph_msgs_generate_messages_lisp
[35m[1mScanning dependencies of target actionlib_generate_messages_lisp[0m
[  0%] Built target actionlib_generate_messages_py
[  0%] Built target actionlib_generate_messages_lisp
[35m[1mScanning dependencies of target _catkin_empty_exported_target[0m
[35m[1mScanning dependencies of target controller_manager_msgs_generate_messages_eus[0m
[  0%] Built target _catkin_empty_exported_target
[  0%] Built target controller_manager_msgs_generate_messages_eus
[35m[1mScanning dependencies of target actionlib_generate_messages_nodejs[0m
[35m[1mScanning dependencies of target tf_generate_messages_cpp[0m
[35m[1mScanning dependencies of target control_msgs_generate_messages_eus[0m
[  0%] Built target control_msgs_generate_messages_eus
[  0%] Built target actionlib_generate_messages_nodejs
[  0%] Built target tf_generate_messages_cpp
[35m[1mScanning dependencies of target trajectory_msgs_generate_messages_nodejs[0m
[35m[1mScanning dependencies of target trajectory_msgs_generate_messages_cpp[0m
[35m[1mScanning dependencies of target control_toolbox_generate_messages_py[0m
[  0%] Built target trajectory_msgs_generate_messages_nodejs
[  0%] Built target trajectory_msgs_generate_messages_cpp
[  0%] Built target control_toolbox_generate_messages_py
[35m[1mScanning dependencies of target rosgraph_msgs_generate_messages_py[0m
[35m[1mScanning dependencies of target tf_generate_messages_py[0m
[35m[1mScanning dependencies of target std_msgs_generate_messages_eus[0m
[  0%] Built target std_msgs_generate_messages_eus
[  0%] Built target tf_generate_messages_py
[  0%] Built target rosgraph_msgs_generate_messages_py
[35m[1mScanning dependencies of target actionlib_msgs_generate_messages_lisp[0m
[35m[1mScanning dependencies of target std_srvs_generate_messages_py[0m
[35m[1mScanning dependencies of target actionlib_msgs_generate_messages_nodejs[0m
[  0%] Built target actionlib_msgs_generate_messages_lisp
[  0%] Built target actionlib_msgs_generate_messages_nodejs
[35m[1mScanning dependencies of target rosgraph_msgs_generate_messages_eus[0m
[  0%] Built target std_srvs_generate_messages_py
[35m[1mScanning dependencies of target urcl_log_handler[0m
[35m[1mScanning dependencies of target ur_dashboard_msgs_generate_messages_cpp[0m
[  0%] Built target rosgraph_msgs_generate_messages_eus
[  5%] [32mBuilding CXX object CMakeFiles/urcl_log_handler.dir/src/urcl_log_handler.cpp.o[0m
[  5%] Built target ur_dashboard_msgs_generate_messages_cpp
[35m[1mScanning dependencies of target sensor_msgs_generate_messages_lisp[0m
[35m[1mScanning dependencies of target sensor_msgs_generate_messages_eus[0m
[  5%] Built target sensor_msgs_generate_messages_eus
[  5%] Built target sensor_msgs_generate_messages_lisp
[35m[1mScanning dependencies of target std_msgs_generate_messages_lisp[0m
[35m[1mScanning dependencies of target control_msgs_generate_messages_lisp[0m
[  5%] Built target std_msgs_generate_messages_lisp
[  5%] Built target control_msgs_generate_messages_lisp
[35m[1mScanning dependencies of target pass_through_controllers_gencfg[0m
[35m[1mScanning dependencies of target std_srvs_generate_messages_cpp[0m
[  5%] Built target std_srvs_generate_messages_cpp
[  5%] Built target pass_through_controllers_gencfg
[35m[1mScanning dependencies of target control_msgs_generate_messages_cpp[0m
[35m[1mScanning dependencies of target cartesian_control_msgs_generate_messages_py[0m
[  5%] Built target cartesian_control_msgs_generate_messages_py
[  5%] Built target control_msgs_generate_messages_cpp
[35m[1mScanning dependencies of target roscpp_generate_messages_lisp[0m
[35m[1mScanning dependencies of target controller_manager_msgs_generate_messages_lisp[0m
[  5%] Built target roscpp_generate_messages_lisp
[  5%] Built target controller_manager_msgs_generate_messages_lisp
[35m[1mScanning dependencies of target control_toolbox_generate_messages_nodejs[0m
[35m[1mScanning dependencies of target ur_dashboard_msgs_generate_messages_lisp[0m
[  5%] Built target control_toolbox_generate_messages_nodejs
[  5%] Built target ur_dashboard_msgs_generate_messages_lisp
[35m[1mScanning dependencies of target dynamic_reconfigure_generate_messages_py[0m
[35m[1mScanning dependencies of target actionlib_msgs_generate_messages_eus[0m
[  5%] Built target actionlib_msgs_generate_messages_eus
[  5%] Built target dynamic_reconfigure_generate_messages_py
[35m[1mScanning dependencies of target control_msgs_generate_messages_nodejs[0m
[35m[1mScanning dependencies of target control_msgs_generate_messages_py[0m
[  5%] Built target control_msgs_generate_messages_nodejs
[  5%] Built target control_msgs_generate_messages_py
[35m[1mScanning dependencies of target geometry_msgs_generate_messages_cpp[0m
[35m[1mScanning dependencies of target ur_msgs_generate_messages_py[0m
[  5%] Built target ur_msgs_generate_messages_py
[  5%] Built target geometry_msgs_generate_messages_cpp
[35m[1mScanning dependencies of target geometry_msgs_generate_messages_lisp[0m
[35m[1mScanning dependencies of target geometry_msgs_generate_messages_py[0m
[  5%] Built target geometry_msgs_generate_messages_lisp
[  5%] Built target geometry_msgs_generate_messages_py
[35m[1mScanning dependencies of target trajectory_msgs_generate_messages_lisp[0m
[35m[1mScanning dependencies of target rosgraph_msgs_generate_messages_cpp[0m
[  5%] Built target trajectory_msgs_generate_messages_lisp
[  5%] Built target rosgraph_msgs_generate_messages_cpp
[35m[1mScanning dependencies of target actionlib_generate_messages_eus[0m
[35m[1mScanning dependencies of target trajectory_msgs_generate_messages_py[0m
[  5%] Built target actionlib_generate_messages_eus
[  5%] Built target trajectory_msgs_generate_messages_py
[35m[1mScanning dependencies of target controller_manager_msgs_generate_messages_cpp[0m
[  5%] Built target controller_manager_msgs_generate_messages_cpp
[35m[1mScanning dependencies of target actionlib_msgs_generate_messages_cpp[0m
[35m[1mScanning dependencies of target controller_manager_msgs_generate_messages_py[0m
[  5%] Built target actionlib_msgs_generate_messages_cpp
[  5%] Built target controller_manager_msgs_generate_messages_py
[35m[1mScanning dependencies of target trajectory_msgs_generate_messages_eus[0m
[35m[1mScanning dependencies of target roscpp_generate_messages_py[0m
[  5%] Built target trajectory_msgs_generate_messages_eus
[35m[1mScanning dependencies of target control_toolbox_generate_messages_cpp[0m
[  5%] Built target roscpp_generate_messages_py
[  5%] Built target control_toolbox_generate_messages_cpp
[35m[1mScanning dependencies of target control_toolbox_generate_messages_eus[0m
[  5%] Built target control_toolbox_generate_messages_eus
[35m[1mScanning dependencies of target control_toolbox_generate_messages_lisp[0m
[  5%] Built target control_toolbox_generate_messages_lisp
[35m[1mScanning dependencies of target dynamic_reconfigure_generate_messages_cpp[0m
[  5%] Built target dynamic_reconfigure_generate_messages_cpp
[35m[1mScanning dependencies of target geometry_msgs_generate_messages_nodejs[0m
[  5%] Built target geometry_msgs_generate_messages_nodejs
[35m[1mScanning dependencies of target robot_state_helper[0m
[35m[1mScanning dependencies of target ur_robot_driver_plugin[0m
[ 11%] [32mBuilding CXX object CMakeFiles/robot_state_helper.dir/src/robot_state_helper.cpp.o[0m
[ 16%] [32mBuilding CXX object CMakeFiles/robot_state_helper.dir/src/robot_state_helper_node.cpp.o[0m
[ 22%] [32mBuilding CXX object CMakeFiles/ur_robot_driver_plugin.dir/src/dashboard_client_ros.cpp.o[0m
[ 27%] [32m[1mLinking CXX shared library /home/victor/Universal_Robots_ws/devel/.private/ur_robot_driver/lib/liburcl_log_handler.so[0m
[ 27%] Built target urcl_log_handler
[35m[1mScanning dependencies of target controller_stopper_node[0m
[ 33%] [32mBuilding CXX object CMakeFiles/controller_stopper_node.dir/src/controller_stopper.cpp.o[0m
[ 38%] [32mBuilding CXX object CMakeFiles/controller_stopper_node.dir/src/controller_stopper_node.cpp.o[0m
[ 44%] [32mBuilding CXX object CMakeFiles/ur_robot_driver_plugin.dir/src/hardware_interface.cpp.o[0m
[01m[K/home/victor/Universal_Robots_ws/src/Universal_Robots_ROS_Driver/ur_robot_driver/src/hardware_interface.cpp:[m[K In member function ‘[01m[Kvirtual bool ur_driver::HardwareInterface::init(ros::NodeHandle&, ros::NodeHandle&)[m[K’:
[01m[K/home/victor/Universal_Robots_ws/src/Universal_Robots_ROS_Driver/ur_robot_driver/src/hardware_interface.cpp:299:100:[m[K [01;35m[Kwarning: [m[K‘[01m[Kurcl::UrDriver::UrDriver(const string&, const string&, const string&, const string&, std::function<void(bool)>, bool, std::unique_ptr<urcl::ToolCommSetup>, uint32_t, uint32_t, int, double, bool, const string&, uint32_t, uint32_t)[m[K’ is deprecated: Initializing a UrDriver object with an argument list is deprecated. Please use UrDriver(const UrDriverConfiguration& config) instead. This function will be removed in May 2027. [[01;35m[K-Wdeprecated-declarations[m[K]
  299 |         servoj_lookahead_time, non_blocking_read_, reverse_ip, trajectory_port, script_command_port[01;35m[K)[m[K);
      |                                                                                                    [01;35m[K^[m[K
In file included from [01m[K/home/victor/Universal_Robots_ws/src/Universal_Robots_ROS_Driver/ur_robot_driver/include/ur_robot_driver/hardware_interface.h:66[m[K,
                 from [01m[K/home/victor/Universal_Robots_ws/src/Universal_Robots_ROS_Driver/ur_robot_driver/src/hardware_interface.cpp:30[m[K:
[01m[K/opt/ros/noetic/include/ur_client_library/ur/ur_driver.h:220:3:[m[K [01;36m[Knote: [m[Kdeclared here
  220 |   [01;36m[KUrDriver[m[K(const std::string& robot_ip, const std::string& script_file, const std::string& output_recipe_file,
      |   [01;36m[K^~~~~~~~[m[K
[ 50%] [32m[1mLinking CXX executable /home/victor/Universal_Robots_ws/devel/.private/ur_robot_driver/lib/ur_robot_driver/controller_stopper_node[0m
[ 50%] Built target controller_stopper_node
[35m[1mScanning dependencies of target ur_robot_driver_node[0m
[35m[1mScanning dependencies of target dashboard_client[0m
[ 55%] [32mBuilding CXX object CMakeFiles/dashboard_client.dir/src/dashboard_client_ros.cpp.o[0m
[ 61%] [32mBuilding CXX object CMakeFiles/dashboard_client.dir/src/dashboard_client_node.cpp.o[0m
[ 72%] [32mBuilding CXX object CMakeFiles/ur_robot_driver_node.dir/src/hardware_interface.cpp.o[0m
[ 72%] [32mBuilding CXX object CMakeFiles/ur_robot_driver_node.dir/src/dashboard_client_ros.cpp.o[0m
[ 77%] [32mBuilding CXX object CMakeFiles/ur_robot_driver_node.dir/src/hardware_interface_node.cpp.o[0m
[01m[K/home/victor/Universal_Robots_ws/src/Universal_Robots_ROS_Driver/ur_robot_driver/src/hardware_interface.cpp:[m[K In member function ‘[01m[Kvirtual bool ur_driver::HardwareInterface::init(ros::NodeHandle&, ros::NodeHandle&)[m[K’:
[01m[K/home/victor/Universal_Robots_ws/src/Universal_Robots_ROS_Driver/ur_robot_driver/src/hardware_interface.cpp:299:100:[m[K [01;35m[Kwarning: [m[K‘[01m[Kurcl::UrDriver::UrDriver(const string&, const string&, const string&, const string&, std::function<void(bool)>, bool, std::unique_ptr<urcl::ToolCommSetup>, uint32_t, uint32_t, int, double, bool, const string&, uint32_t, uint32_t)[m[K’ is deprecated: Initializing a UrDriver object with an argument list is deprecated. Please use UrDriver(const UrDriverConfiguration& config) instead. This function will be removed in May 2027. [[01;35m[K-Wdeprecated-declarations[m[K]
  299 |         servoj_lookahead_time, non_blocking_read_, reverse_ip, trajectory_port, script_command_port[01;35m[K)[m[K);
      |                                                                                                    [01;35m[K^[m[K
In file included from [01m[K/home/victor/Universal_Robots_ws/src/Universal_Robots_ROS_Driver/ur_robot_driver/include/ur_robot_driver/hardware_interface.h:66[m[K,
                 from [01m[K/home/victor/Universal_Robots_ws/src/Universal_Robots_ROS_Driver/ur_robot_driver/src/hardware_interface.cpp:30[m[K:
[01m[K/opt/ros/noetic/include/ur_client_library/ur/ur_driver.h:220:3:[m[K [01;36m[Knote: [m[Kdeclared here
  220 |   [01;36m[KUrDriver[m[K(const std::string& robot_ip, const std::string& script_file, const std::string& output_recipe_file,
      |   [01;36m[K^~~~~~~~[m[K
[ 83%] [32m[1mLinking CXX executable /home/victor/Universal_Robots_ws/devel/.private/ur_robot_driver/lib/ur_robot_driver/robot_state_helper[0m
[ 83%] Built target robot_state_helper
[ 88%] [32m[1mLinking CXX executable /home/victor/Universal_Robots_ws/devel/.private/ur_robot_driver/lib/ur_robot_driver/dashboard_client[0m
[ 88%] Built target dashboard_client
[ 94%] [32m[1mLinking CXX shared library /home/victor/Universal_Robots_ws/devel/.private/ur_robot_driver/lib/libur_robot_driver_plugin.so[0m
[ 94%] Built target ur_robot_driver_plugin
[100%] [32m[1mLinking CXX executable /home/victor/Universal_Robots_ws/devel/.private/ur_robot_driver/lib/ur_robot_driver/ur_robot_driver_node[0m
[100%] Built target ur_robot_driver_node
