Not searching for unused variables given on the command line.
[36m--[0m The C compiler identification is GNU 9.4.0
[36m--[0m The CXX compiler identification is GNU 9.4.0
[36m--[0m Check for working C compiler: /usr/bin/cc
[36m--[0m Check for working C compiler: /usr/bin/cc -- works
[36m--[0m Detecting C compiler ABI info
[36m--[0m Detecting C compiler ABI info - done
[36m--[0m Detecting C compile features
[36m--[0m Detecting C compile features - done
[36m--[0m Check for working CXX compiler: /usr/bin/c++
[36m--[0m Check for working CXX compiler: /usr/bin/c++ -- works
[36m--[0m Detecting CXX compiler ABI info
[36m--[0m Detecting CXX compiler ABI info - done
[36m--[0m Detecting CXX compile features
[36m--[0m Detecting CXX compile features - done
ur_robot_driver: You did not request a specific build type: selecting 'RelWithDebInfo'.
[36m--[0m Using CATKIN_DEVEL_PREFIX: /home/victor/Universal_Robots_ws/devel/.private/ur_robot_driver
[36m--[0m Using CMAKE_PREFIX_PATH: /home/victor/Universal_Robots_ws/devel;/home/victor/rpg-dvs-drivers-ros/catkin_ws/devel;/opt/ros/noetic
[36m--[0m This workspace overlays: /home/victor/Universal_Robots_ws/devel;/home/victor/rpg-dvs-drivers-ros/catkin_ws/devel;/opt/ros/noetic
[36m--[0m Found PythonInterp: /usr/bin/python3 (found suitable version "3.8.10", minimum required is "3")
[36m--[0m Using PYTHON_EXECUTABLE: /usr/bin/python3
[36m--[0m Using Debian Python package layout
[36m--[0m Found PY_em: /usr/lib/python3/dist-packages/em.py
[36m--[0m Using empy: /usr/lib/python3/dist-packages/em.py
[36m--[0m Using CATKIN_ENABLE_TESTING: ON
[36m--[0m Call enable_testing()
[36m--[0m Using CATKIN_TEST_RESULTS_DIR: /home/victor/Universal_Robots_ws/build/ur_robot_driver/test_results
[36m--[0m Forcing gtest/gmock from source, though one was otherwise available.
[36m--[0m Found gtest sources under '/usr/src/googletest': gtests will be built
[36m--[0m Found gmock sources under '/usr/src/googletest': gmock will be built
[36m--[0m Found PythonInterp: /usr/bin/python3 (found version "3.8.10")
[36m--[0m Found Threads: TRUE
[36m--[0m Using Python nosetests: /usr/bin/nosetests3
[36m--[0m catkin 0.8.10
[36m--[0m BUILD_SHARED_LIBS is on
[36m--[0m Using these message generators: gencpp;geneus;genlisp;gennodejs;genpy
[36m--[0m Could NOT find industrial_robot_status_interface (missing: industrial_robot_status_interface_DIR)
[36m--[0m Could not find the required component 'industrial_robot_status_interface'. The following CMake error indicates that you either need to install the package with the same name or change your environment so that it can be found.
[31m[1mCMake Error[0m at /opt/ros/noetic/share/catkin/cmake/catkinConfig.cmake:83 (find_package):
  Could not find a package configuration file provided by
  "industrial_robot_status_interface" with any of the following names:

    industrial_robot_status_interfaceConfig.cmake
    industrial_robot_status_interface-config.cmake

  Add the installation prefix of "industrial_robot_status_interface" to
  CMAKE_PREFIX_PATH or set "industrial_robot_status_interface_DIR" to a
  directory containing one of the above files.  If
  "industrial_robot_status_interface" provides a separate development package
  or SDK, be sure it has been installed.
[36mCall Stack (most recent call first):[0m
  CMakeLists.txt:19 (find_package)


[36m--[0m Configuring incomplete, errors occurred!
See also "/home/victor/Universal_Robots_ws/build/ur_robot_driver/CMakeFiles/CMakeOutput.log".
See also "/home/victor/Universal_Robots_ws/build/ur_robot_driver/CMakeFiles/CMakeError.log".
