[35m[1mScanning dependencies of target ur30_kin[0m
[  2%] [32mBuilding CXX object CMakeFiles/ur30_kin.dir/src/ur_kin.cpp.o[0m
[  5%] [32m[1mLinking CXX shared library /home/victor/Universal_Robots_ws/devel/.private/ur_kinematics/lib/libur30_kin.so[0m
[  5%] Built target ur30_kin
[35m[1mScanning dependencies of target ur20_kin[0m
[  8%] [32mBuilding CXX object CMakeFiles/ur20_kin.dir/src/ur_kin.cpp.o[0m
[ 11%] [32m[1mLinking CXX shared library /home/victor/Universal_Robots_ws/devel/.private/ur_kinematics/lib/libur20_kin.so[0m
[ 11%] Built target ur20_kin
[35m[1mScanning dependencies of target ur16e_kin[0m
[ 13%] [32mBuilding CXX object CMakeFiles/ur16e_kin.dir/src/ur_kin.cpp.o[0m
[ 16%] [32m[1mLinking CXX shared library /home/victor/Universal_Robots_ws/devel/.private/ur_kinematics/lib/libur16e_kin.so[0m
[ 16%] Built target ur16e_kin
[35m[1mScanning dependencies of target ur10e_kin[0m
[ 19%] [32mBuilding CXX object CMakeFiles/ur10e_kin.dir/src/ur_kin.cpp.o[0m
[ 22%] [32m[1mLinking CXX shared library /home/victor/Universal_Robots_ws/devel/.private/ur_kinematics/lib/libur10e_kin.so[0m
[ 22%] Built target ur10e_kin
[35m[1mScanning dependencies of target ur10_kin[0m
[ 25%] [32mBuilding CXX object CMakeFiles/ur10_kin.dir/src/ur_kin.cpp.o[0m
[ 27%] [32m[1mLinking CXX shared library /home/victor/Universal_Robots_ws/devel/.private/ur_kinematics/lib/libur10_kin.so[0m
[ 27%] Built target ur10_kin
[35m[1mScanning dependencies of target ur3e_kin[0m
[ 30%] [32mBuilding CXX object CMakeFiles/ur3e_kin.dir/src/ur_kin.cpp.o[0m
[ 33%] [32m[1mLinking CXX shared library /home/victor/Universal_Robots_ws/devel/.private/ur_kinematics/lib/libur3e_kin.so[0m
[ 33%] Built target ur3e_kin
[35m[1mScanning dependencies of target ur3_kin[0m
[ 36%] [32mBuilding CXX object CMakeFiles/ur3_kin.dir/src/ur_kin.cpp.o[0m
[ 38%] [32m[1mLinking CXX shared library /home/victor/Universal_Robots_ws/devel/.private/ur_kinematics/lib/libur3_kin.so[0m
[ 38%] Built target ur3_kin
[35m[1mScanning dependencies of target ur5_kin[0m
[ 41%] [32mBuilding CXX object CMakeFiles/ur5_kin.dir/src/ur_kin.cpp.o[0m
[ 44%] [32m[1mLinking CXX shared library /home/victor/Universal_Robots_ws/devel/.private/ur_kinematics/lib/libur5_kin.so[0m
[ 44%] Built target ur5_kin
[35m[1mScanning dependencies of target ur5e_kin[0m
[ 47%] [32mBuilding CXX object CMakeFiles/ur5e_kin.dir/src/ur_kin.cpp.o[0m
[ 50%] [32m[1mLinking CXX shared library /home/victor/Universal_Robots_ws/devel/.private/ur_kinematics/lib/libur5e_kin.so[0m
[ 50%] Built target ur5e_kin
[35m[1mScanning dependencies of target ur30_moveit_plugin[0m
[35m[1mScanning dependencies of target ur20_moveit_plugin[0m
[35m[1mScanning dependencies of target ur16e_moveit_plugin[0m
[35m[1mScanning dependencies of target ur10e_moveit_plugin[0m
[ 52%] [32mBuilding CXX object CMakeFiles/ur16e_moveit_plugin.dir/src/ur_moveit_plugin.cpp.o[0m
[ 58%] [32mBuilding CXX object CMakeFiles/ur30_moveit_plugin.dir/src/ur_moveit_plugin.cpp.o[0m
[ 58%] [32mBuilding CXX object CMakeFiles/ur20_moveit_plugin.dir/src/ur_moveit_plugin.cpp.o[0m
[ 61%] [32mBuilding CXX object CMakeFiles/ur10e_moveit_plugin.dir/src/ur_moveit_plugin.cpp.o[0m
[35m[1mScanning dependencies of target ur10_moveit_plugin[0m
[ 63%] [32mBuilding CXX object CMakeFiles/ur10_moveit_plugin.dir/src/ur_moveit_plugin.cpp.o[0m
[35m[1mScanning dependencies of target ur3e_moveit_plugin[0m
[ 66%] [32mBuilding CXX object CMakeFiles/ur3e_moveit_plugin.dir/src/ur_moveit_plugin.cpp.o[0m
[ 69%] [32m[1mLinking CXX shared library /home/victor/Universal_Robots_ws/devel/.private/ur_kinematics/lib/libur16e_moveit_plugin.so[0m
[ 72%] [32m[1mLinking CXX shared library /home/victor/Universal_Robots_ws/devel/.private/ur_kinematics/lib/libur10_moveit_plugin.so[0m
[ 75%] [32m[1mLinking CXX shared library /home/victor/Universal_Robots_ws/devel/.private/ur_kinematics/lib/libur20_moveit_plugin.so[0m
[ 77%] [32m[1mLinking CXX shared library /home/victor/Universal_Robots_ws/devel/.private/ur_kinematics/lib/libur10e_moveit_plugin.so[0m
[ 80%] [32m[1mLinking CXX shared library /home/victor/Universal_Robots_ws/devel/.private/ur_kinematics/lib/libur30_moveit_plugin.so[0m
[ 80%] Built target ur10_moveit_plugin
[ 80%] Built target ur16e_moveit_plugin
[ 80%] Built target ur20_moveit_plugin
[35m[1mScanning dependencies of target ur3_moveit_plugin[0m
[35m[1mScanning dependencies of target ur5_moveit_plugin[0m
[35m[1mScanning dependencies of target ur5e_moveit_plugin[0m
[ 80%] Built target ur30_moveit_plugin
[ 80%] Built target ur10e_moveit_plugin
[ 83%] [32mBuilding CXX object CMakeFiles/ur3_moveit_plugin.dir/src/ur_moveit_plugin.cpp.o[0m
[ 86%] [32mBuilding CXX object CMakeFiles/ur5_moveit_plugin.dir/src/ur_moveit_plugin.cpp.o[0m
[ 88%] [32mBuilding CXX object CMakeFiles/ur5e_moveit_plugin.dir/src/ur_moveit_plugin.cpp.o[0m
[ 91%] [32m[1mLinking CXX shared library /home/victor/Universal_Robots_ws/devel/.private/ur_kinematics/lib/libur3e_moveit_plugin.so[0m
[ 91%] Built target ur3e_moveit_plugin
[ 94%] [32m[1mLinking CXX shared library /home/victor/Universal_Robots_ws/devel/.private/ur_kinematics/lib/libur5e_moveit_plugin.so[0m
[ 97%] [32m[1mLinking CXX shared library /home/victor/Universal_Robots_ws/devel/.private/ur_kinematics/lib/libur5_moveit_plugin.so[0m
[100%] [32m[1mLinking CXX shared library /home/victor/Universal_Robots_ws/devel/.private/ur_kinematics/lib/libur3_moveit_plugin.so[0m
[100%] Built target ur5e_moveit_plugin
[100%] Built target ur5_moveit_plugin
[100%] Built target ur3_moveit_plugin
